<?xml version="1.0" encoding="UTF-8"?>
<testsuite xmlns:xsi="http://www.w3.org/2001/XMLSchema-instance" xsi:noNamespaceSchemaLocation="https://maven.apache.org/surefire/maven-surefire-plugin/xsd/surefire-test-report.xsd" name="pl.app.tests.ServerSuite" time="4.682" tests="33" errors="0" skipped="0" failures="0">
  <properties>
[...]
</properties>
  <testcase name="isServerMainCreated" classname="pl.app.tests.ServerMainTest" time="0.002"/>
  <testcase name="hasTxtPortCorrectPadding" classname="pl.app.tests.ServerStageTest" time="0.942"/>
  <testcase name="hasBorderPaneCorrectPreferredHeight" classname="pl.app.tests.ServerStageTest" time="0.253"/>
  <testcase name="hasTxtPortCorrectMaxWidth" classname="pl.app.tests.ServerStageTest" time="0.24"/>
  <testcase name="hasLblStatusCorrectTextFill" classname="pl.app.tests.ServerStageTest" time="0.244"/>
  <testcase name="hasLblPortCorrectTextFill" classname="pl.app.tests.ServerStageTest" time="0.241"/>
  <testcase name="hasBorderPaneCorrectPadding" classname="pl.app.tests.ServerStageTest" time="0.238"/>
  <testcase name="hasBorderPaneLblStatusBottom" classname="pl.app.tests.ServerStageTest" time="0.238"/>
  <testcase name="hasBorderPaneCorrectPreferredWidth" classname="pl.app.tests.ServerStageTest" time="0.231"/>
  <testcase name="hasBtnStartCorrectMaxWidth" classname="pl.app.tests.ServerStageTest" time="0.222"/>
  <testcase name="hasBtnStartCorrectText" classname="pl.app.tests.ServerStageTest" time="0.223"/>
  <testcase name="hasBorderPaneHBoxCentered" classname="pl.app.tests.ServerStageTest" time="0.224"/>
  <testcase name="hasLblPortCorrectText" classname="pl.app.tests.ServerStageTest" time="0.254"/>
  <testcase name="hasTxtPortCorrectMaxHeight" classname="pl.app.tests.ServerStageTest" time="0.232"/>
  <testcase name="hasBtnStartCorrectMaxHeight" classname="pl.app.tests.ServerStageTest" time="0.239"/>
  <testcase name="hasTxtPortCorrectText" classname="pl.app.tests.ServerStageTest" time="0.242"/>
  <testcase name="hasHBoxCorrectSpacing" classname="pl.app.tests.ServerStageTest" time="0.234"/>
  <testcase name="closeListenerTest" classname="pl.app.tests.ServerServiceTest" time="0.017"/>
  <testcase name="setPortTest" classname="pl.app.tests.ServerServiceTest" time="0"/>
  <testcase name="startListenerTest" classname="pl.app.tests.ServerServiceTest" time="0"/>
  <testcase name="getInstanceTest" classname="pl.app.tests.ServerServiceTest" time="0.001"/>
  <testcase name="isLegalMoveWhenThereIsNotALegalMoveBecauseOfCurrentPlayer" classname="pl.app.tests.GameTest" time="0"/>
  <testcase name="hasWinnerReturnTrueWhenThereIsAWinner" classname="pl.app.tests.GameTest" time="0"/>
  <testcase name="isLegalMoveWhenThereIsNotALegalMoveBecauseOfLocation" classname="pl.app.tests.GameTest" time="0"/>
  <testcase name="isBoardFilledUpWhenArrayIsNotFullCompletely" classname="pl.app.tests.GameTest" time="0"/>
  <testcase name="playerConstructorTest" classname="pl.app.tests.GameTest" time="0.001"/>
  <testcase name="setterBoardTest" classname="pl.app.tests.GameTest" time="0"/>
  <testcase name="isBoardFilledUpWhenArrayIsNotNull" classname="pl.app.tests.GameTest" time="0"/>
  <testcase name="isBoardFilledUpWhenArrayIsNull" classname="pl.app.tests.GameTest" time="0"/>
  <testcase name="hasWinnerReturnFalseWhenArrayIsNullTest" classname="pl.app.tests.GameTest" time="0"/>
  <testcase name="isLegalMoveWhenThereIsNotALegalMoveBecauseOfCurrentPlayerAndLocation" classname="pl.app.tests.GameTest" time="0.001"/>
  <testcase name="hasWinnerReturnFalseWhenArrayIsNotNullButThereIsNoWinner" classname="pl.app.tests.GameTest" time="0"/>
  <testcase name="setOpponentTest" classname="pl.app.tests.GameTest" time="0"/>
</testsuite>